<?xml version="1.0" encoding="UTF-8"?>
<testng-results ignored="0" total="1" passed="1" failed="0" skipped="0">
  <reporter-output>
  </reporter-output>
  <suite started-at="2022-12-30T10:28:36 IST" name="Default suite" finished-at="2022-12-30T10:28:43 IST" duration-ms="6946">
    <groups>
    </groups>
    <test started-at="2022-12-30T10:28:36 IST" name="Default test" finished-at="2022-12-30T10:28:43 IST" duration-ms="6946">
      <class name="ZooManagement.AddVisitorsTest">
        <test-method signature="addVisitorsTest()[pri:0, instance:ZooManagement.AddVisitorsTest@1a18644]" started-at="2022-12-30T10:28:36 IST" name="addVisitorsTest" finished-at="2022-12-30T10:28:43 IST" duration-ms="6909" status="PASS">
          <reporter-output>
          </reporter-output>
        </test-method> <!-- addVisitorsTest -->
      </class> <!-- ZooManagement.AddVisitorsTest -->
    </test> <!-- Default test -->
  </suite> <!-- Default suite -->
</testng-results>
